<?xml version="1.0" encoding="UTF-8" ?>

<testsuite failures="0" time="2.841" errors="0" skipped="0" tests="4" name="unit.ForumTest">
  <testcase classname="unit.ForumTest" name="countObjects" time="1.463">
      </testcase>
  <testcase classname="unit.ForumTest" name="tryHelpForum" time="0.496">
      </testcase>
  <testcase classname="unit.ForumTest" name="tryPagination" time="0.441">
      </testcase>
  <testcase classname="unit.ForumTest" name="newForum" time="0.441">
      </testcase>
</testsuite>
