<?xml version="1.0" encoding="UTF-8" ?>

<testsuite failures="0" time="2.742" errors="0" skipped="0" tests="7" name="unit.UserTest">
  <testcase classname="unit.UserTest" name="countObjects" time="0.355">
      </testcase>
  <testcase classname="unit.UserTest" name="guillaumeNeedConfirmation" time="0.394">
      </testcase>
  <testcase classname="unit.UserTest" name="createNewUser" time="0.365">
      </testcase>
  <testcase classname="unit.UserTest" name="checkAdmin" time="0.494">
      </testcase>
  <testcase classname="unit.UserTest" name="freshData" time="0.362">
      </testcase>
  <testcase classname="unit.UserTest" name="someFinder" time="0.371">
      </testcase>
  <testcase classname="unit.UserTest" name="checkUserPosts" time="0.401">
      </testcase>
</testsuite>
